2025-06-23 00:57:30 - auth_controller - DEBUG - Logger initialized successfully
2025-06-23 01:44:03 - auth_controller - DEBUG - Logger initialized successfully
2025-06-23 01:45:35 - auth_controller - DEBUG - Logger initialized successfully
2025-06-23 01:45:48 - auth_controller - DEBUG - Logger initialized successfully
2025-06-23 01:47:11 - auth_controller - DEBUG - Logger initialized successfully
2025-06-23 01:47:12 - auth_controller - INFO - AuthController initialized.
2025-06-23 01:48:45 - auth_controller - DEBUG - Logger initialized successfully
2025-06-23 01:48:46 - auth_controller - INFO - AuthController initialized.
2025-06-23 01:50:23 - auth_controller - DEBUG - Logger initialized successfully
2025-06-23 01:50:23 - auth_controller - INFO - AuthController initialized.
2025-06-23 02:01:33 - auth_controller - DEBUG - Logger initialized successfully
2025-06-23 02:01:34 - auth_controller - INFO - AuthController initialized.
2025-06-23 02:01:48 - auth_controller - DEBUG - Logger initialized successfully
2025-06-23 02:01:49 - auth_controller - INFO - AuthController initialized.
2025-06-23 02:03:46 - auth_controller - DEBUG - Logger initialized successfully
2025-06-23 02:03:52 - auth_controller - DEBUG - Logger initialized successfully
2025-06-23 02:03:52 - auth_controller - INFO - AuthController initialized.
2025-06-23 02:03:57 - auth_controller - DEBUG - Logger initialized successfully
2025-06-23 02:04:12 - auth_controller - DEBUG - Logger initialized successfully
2025-06-23 02:04:13 - auth_controller - INFO - AuthController initialized.
2025-06-23 02:04:31 - auth_controller - INFO - User Usr logged in successfully.
2025-06-23 02:06:33 - auth_controller - DEBUG - Logger initialized successfully
2025-06-23 02:06:34 - auth_controller - INFO - AuthController initialized.
2025-06-23 02:06:45 - auth_controller - INFO - User Usr logged in successfully.
2025-06-23 02:34:26 - auth_controller - DEBUG - Logger initialized successfully
2025-06-23 02:34:26 - auth_controller - INFO - AuthController initialized.
2025-06-23 02:34:37 - auth_controller - INFO - User Usr logged in successfully.
2025-06-23 02:46:36 - auth_controller - DEBUG - Logger initialized successfully
2025-06-23 02:46:37 - auth_controller - INFO - AuthController initialized.
2025-06-23 02:46:47 - auth_controller - INFO - User Usr logged in successfully.
2025-06-23 02:50:07 - auth_controller - DEBUG - Logger initialized successfully
2025-06-23 02:50:08 - auth_controller - INFO - AuthController initialized.
2025-06-23 02:50:32 - auth_controller - INFO - User Usr logged in successfully.
2025-06-23 02:54:52 - auth_controller - DEBUG - Logger initialized successfully
2025-06-23 02:55:30 - auth_controller - DEBUG - Logger initialized successfully
2025-06-23 03:06:04 - auth_controller - DEBUG - Logger initialized successfully
2025-06-23 03:06:05 - auth_controller - INFO - AuthController initialized.
2025-06-23 03:06:12 - auth_controller - INFO - User Usr logged in successfully.
2025-06-23 03:20:09 - auth_controller - DEBUG - Logger initialized successfully
2025-06-23 03:20:10 - auth_controller - INFO - AuthController initialized.
2025-06-23 03:20:21 - auth_controller - INFO - User Usr logged in successfully.
2025-06-23 03:17:14 - auth_controller - DEBUG - Logger initialized successfully
2025-06-23 03:17:14 - auth_controller - INFO - AuthController initialized.
2025-06-23 03:17:27 - auth_controller - INFO - User Usr logged in successfully.
2025-06-23 03:21:34 - auth_controller - DEBUG - Logger initialized successfully
2025-06-23 03:21:35 - auth_controller - INFO - AuthController initialized.
2025-06-23 03:21:47 - auth_controller - WARNING - Failed login attempt for user Usr.
2025-06-23 03:21:55 - auth_controller - INFO - User Usr logged in successfully.
2025-06-23 03:22:59 - auth_controller - DEBUG - Logger initialized successfully
2025-06-23 03:23:00 - auth_controller - INFO - AuthController initialized.
2025-06-23 03:24:06 - auth_controller - DEBUG - Logger initialized successfully
2025-06-23 03:24:07 - auth_controller - INFO - AuthController initialized.
2025-06-23 03:24:16 - auth_controller - INFO - User Usr logged in successfully.
2025-06-23 03:25:48 - auth_controller - DEBUG - Logger initialized successfully
2025-06-23 03:25:49 - auth_controller - INFO - AuthController initialized.
2025-06-23 03:26:15 - auth_controller - INFO - User Usr logged in successfully.
2025-06-23 03:28:59 - auth_controller - DEBUG - Logger initialized successfully
2025-06-23 03:28:59 - auth_controller - INFO - AuthController initialized.
2025-06-23 03:29:19 - auth_controller - INFO - User Usr logged in successfully.
2025-06-23 03:30:32 - auth_controller - DEBUG - Logger initialized successfully
2025-06-23 03:30:32 - auth_controller - INFO - AuthController initialized.
2025-06-23 03:30:44 - auth_controller - INFO - User Usr logged in successfully.
2025-06-23 03:32:13 - auth_controller - DEBUG - Logger initialized successfully
2025-06-23 03:32:14 - auth_controller - INFO - AuthController initialized.
2025-06-23 03:32:23 - auth_controller - INFO - User Manokuz logged in successfully.
2025-06-23 03:42:33 - auth_controller - DEBUG - Logger initialized successfully
2025-06-24 12:06:02 - auth_controller - DEBUG - Logger initialized successfully
2025-06-24 12:06:03 - auth_controller - INFO - AuthController initialized.
2025-06-24 12:11:09 - auth_controller - DEBUG - Logger initialized successfully
2025-06-24 12:11:10 - auth_controller - INFO - AuthController initialized.
2025-06-24 12:11:21 - auth_controller - INFO - User Manokuz logged in successfully.
2025-06-25 00:43:19 - auth_controller - DEBUG - Logger initialized successfully
2025-06-25 00:43:19 - auth_controller - INFO - AuthController initialized.
2025-06-25 00:43:27 - auth_controller - INFO - User Manokuz logged in successfully.
2025-06-25 00:44:11 - auth_controller - INFO - User User logged in successfully.
2025-06-25 08:23:20 - auth_controller - DEBUG - Logger initialized successfully
2025-06-25 08:23:21 - auth_controller - INFO - AuthController initialized.
2025-06-25 08:25:04 - auth_controller - DEBUG - Logger initialized successfully
2025-06-25 08:25:05 - auth_controller - INFO - AuthController initialized.
2025-06-25 08:25:21 - auth_controller - INFO - User Manokuz logged in successfully.
2025-06-25 08:26:04 - auth_controller - DEBUG - Logger initialized successfully
2025-06-25 08:26:05 - auth_controller - INFO - AuthController initialized.
2025-06-25 08:26:18 - auth_controller - INFO - User Manokuz logged in successfully.
2025-06-25 13:50:50 - auth_controller - DEBUG - Logger initialized successfully
2025-06-25 13:50:51 - auth_controller - INFO - AuthController initialized.
2025-06-25 13:51:02 - auth_controller - INFO - User Manokuz logged in successfully.
2025-06-25 13:51:37 - auth_controller - DEBUG - Logger initialized successfully
2025-06-25 13:51:37 - auth_controller - INFO - AuthController initialized.
2025-06-25 13:51:47 - auth_controller - INFO - User Manokuz logged in successfully.
2025-06-25 13:53:01 - auth_controller - DEBUG - Logger initialized successfully
2025-06-25 13:53:01 - auth_controller - INFO - AuthController initialized.
2025-06-25 13:53:12 - auth_controller - INFO - User Manokuz logged in successfully.
2025-06-25 14:03:46 - auth_controller - DEBUG - Logger initialized successfully
2025-06-25 14:03:48 - auth_controller - INFO - AuthController initialized.
2025-06-25 14:04:10 - auth_controller - INFO - User Manokuz logged in successfully.
2025-06-25 18:44:37 - auth_controller - INFO - AuthController initialized.
2025-06-25 18:44:47 - auth_controller - INFO - User Manokuz logged in successfully.
2025-06-26 12:44:25 - auth_controller - INFO - AuthController initialized.
2025-06-26 12:44:36 - auth_controller - INFO - User Manokuz logged in successfully.
2025-07-01 13:37:36 - auth_controller - INFO - AuthController initialized.
2025-07-01 13:37:51 - auth_controller - INFO - User Manokuz logged in successfully.
2025-07-01 13:41:48 - auth_controller - INFO - AuthController initialized.
2025-07-01 13:41:58 - auth_controller - INFO - User Manokuz logged in successfully.
2025-07-28 17:49:00 - auth_controller - INFO - AuthController initialized.
2025-07-28 17:49:28 - auth_controller - WARNING - Failed login attempt for user Manokuz.
2025-07-28 18:14:06 - auth_controller - INFO - AuthController initialized.
2025-07-28 18:14:14 - auth_controller - INFO - User Manokuz logged in successfully.
2025-08-01 23:48:06 - auth_controller - INFO - AuthController initialized.
2025-08-01 23:48:17 - auth_controller - WARNING - Failed login attempt for user Manokuz.
2025-08-01 23:48:28 - auth_controller - INFO - User Manokuz logged in successfully.
2025-08-02 00:01:48 - auth_controller - INFO - AuthController initialized.
2025-08-02 00:02:07 - auth_controller - INFO - User Manokuz logged in successfully.
2025-08-06 21:45:40 - auth_controller - INFO - AuthController initialized.
2025-08-06 21:45:55 - auth_controller - INFO - User Manokuz logged in successfully.
2025-08-06 23:08:33 - auth_controller - INFO - AuthController initialized.
2025-08-06 23:08:48 - auth_controller - INFO - User Manokuz logged in successfully.
