2025-06-23 00:57:30 - models.user_model - DEBUG - Logger initialized successfully
2025-06-23 01:39:31 - models.user_model - DEBUG - Logger initialized successfully
2025-06-23 01:42:44 - models.user_model - DEBUG - Logger initialized successfully
2025-06-23 01:44:03 - models.user_model - DEBUG - Logger initialized successfully
2025-06-23 01:45:35 - models.user_model - DEBUG - Logger initialized successfully
2025-06-23 01:45:48 - models.user_model - DEBUG - Logger initialized successfully
2025-06-23 01:47:11 - models.user_model - DEBUG - Logger initialized successfully
2025-06-23 01:47:12 - models.user_model - INFO - UserModel initialized.
2025-06-23 01:47:12 - models.user_model - INFO - UserModel initialized.
2025-06-23 01:48:39 - models.user_model - INFO - UserModel initialized.
2025-06-23 01:48:39 - models.user_model - INFO - UserModel initialized.
2025-06-23 01:48:39 - models.user_model - INFO - UserModel initialized.
2025-06-23 01:48:39 - models.user_model - INFO - UserModel initialized.
2025-06-23 01:48:39 - models.user_model - INFO - User cache cleared
2025-06-23 01:48:39 - models.user_model - INFO - UserModel initialized.
2025-06-23 01:48:45 - models.user_model - DEBUG - Logger initialized successfully
2025-06-23 01:48:46 - models.user_model - INFO - UserModel initialized.
2025-06-23 01:48:46 - models.user_model - INFO - UserModel initialized.
2025-06-23 01:49:28 - models.user_model - DEBUG - Creating user Manokuz
2025-06-23 01:49:28 - models.user_model - INFO - User Manokuz created successfully.
2025-06-23 01:50:19 - models.user_model - INFO - UserModel initialized.
2025-06-23 01:50:19 - models.user_model - INFO - UserModel initialized.
2025-06-23 01:50:19 - models.user_model - INFO - UserModel initialized.
2025-06-23 01:50:19 - models.user_model - INFO - UserModel initialized.
2025-06-23 01:50:19 - models.user_model - INFO - User cache cleared
2025-06-23 01:50:20 - models.user_model - INFO - UserModel initialized.
2025-06-23 01:50:23 - models.user_model - DEBUG - Logger initialized successfully
2025-06-23 01:50:23 - models.user_model - INFO - UserModel initialized.
2025-06-23 01:50:24 - models.user_model - INFO - UserModel initialized.
2025-06-23 02:00:10 - models.user_model - INFO - UserModel initialized.
2025-06-23 02:00:10 - models.user_model - INFO - UserModel initialized.
2025-06-23 02:00:10 - models.user_model - INFO - UserModel initialized.
2025-06-23 02:00:10 - models.user_model - INFO - UserModel initialized.
2025-06-23 02:00:10 - models.user_model - INFO - User cache cleared
2025-06-23 02:00:10 - models.user_model - INFO - UserModel initialized.
2025-06-23 02:01:33 - models.user_model - DEBUG - Logger initialized successfully
2025-06-23 02:01:34 - models.user_model - INFO - UserModel initialized.
2025-06-23 02:01:34 - models.user_model - INFO - UserModel initialized.
2025-06-23 02:01:45 - models.user_model - INFO - UserModel initialized.
2025-06-23 02:01:45 - models.user_model - INFO - UserModel initialized.
2025-06-23 02:01:45 - models.user_model - INFO - UserModel initialized.
2025-06-23 02:01:45 - models.user_model - INFO - UserModel initialized.
2025-06-23 02:01:45 - models.user_model - INFO - User cache cleared
2025-06-23 02:01:45 - models.user_model - INFO - UserModel initialized.
2025-06-23 02:01:48 - models.user_model - DEBUG - Logger initialized successfully
2025-06-23 02:01:49 - models.user_model - INFO - UserModel initialized.
2025-06-23 02:01:49 - models.user_model - INFO - UserModel initialized.
2025-06-23 02:02:23 - models.user_model - DEBUG - Creating user Usr
2025-06-23 02:02:23 - models.user_model - INFO - User Usr created successfully.
2025-06-23 02:02:37 - models.user_model - INFO - UserModel initialized.
2025-06-23 02:02:37 - models.user_model - INFO - UserModel initialized.
2025-06-23 02:02:37 - models.user_model - INFO - UserModel initialized.
2025-06-23 02:02:37 - models.user_model - INFO - UserModel initialized.
2025-06-23 02:02:37 - models.user_model - INFO - User cache cleared
2025-06-23 02:02:37 - models.user_model - INFO - UserModel initialized.
2025-06-23 02:03:46 - models.user_model - DEBUG - Logger initialized successfully
2025-06-23 02:03:52 - models.user_model - DEBUG - Logger initialized successfully
2025-06-23 02:03:52 - models.user_model - INFO - UserModel initialized.
2025-06-23 02:03:57 - models.user_model - DEBUG - Logger initialized successfully
2025-06-23 02:05:39 - models.user_model - DEBUG - Logger initialized successfully
2025-06-23 02:05:57 - models.user_model - DEBUG - Logger initialized successfully
2025-06-23 02:04:12 - models.user_model - DEBUG - Logger initialized successfully
2025-06-23 02:04:13 - models.user_model - INFO - UserModel initialized.
2025-06-23 02:04:13 - models.user_model - INFO - UserModel initialized.
2025-06-23 02:04:31 - models.user_model - INFO - Current user set: Usr (ID: 2)
2025-06-23 02:06:30 - models.user_model - INFO - UserModel initialized.
2025-06-23 02:06:30 - models.user_model - INFO - UserModel initialized.
2025-06-23 02:06:30 - models.user_model - INFO - UserModel initialized.
2025-06-23 02:06:30 - models.user_model - INFO - UserModel initialized.
2025-06-23 02:06:30 - models.user_model - INFO - User cache cleared
2025-06-23 02:06:30 - models.user_model - INFO - UserModel initialized.
2025-06-23 02:06:33 - models.user_model - DEBUG - Logger initialized successfully
2025-06-23 02:06:34 - models.user_model - INFO - UserModel initialized.
2025-06-23 02:06:34 - models.user_model - INFO - UserModel initialized.
2025-06-23 02:06:45 - models.user_model - INFO - Current user set: Usr (ID: 2)
2025-06-23 02:14:42 - models.user_model - INFO - UserModel initialized.
2025-06-23 02:14:42 - models.user_model - INFO - UserModel initialized.
2025-06-23 02:14:42 - models.user_model - INFO - UserModel initialized.
2025-06-23 02:14:42 - models.user_model - INFO - UserModel initialized.
2025-06-23 02:14:42 - models.user_model - INFO - User cache cleared
2025-06-23 02:14:43 - models.user_model - INFO - UserModel initialized.
2025-06-23 02:34:26 - models.user_model - DEBUG - Logger initialized successfully
2025-06-23 02:34:26 - models.user_model - INFO - UserModel initialized.
2025-06-23 02:34:27 - models.user_model - INFO - UserModel initialized.
2025-06-23 02:34:37 - models.user_model - INFO - Current user set: Usr (ID: 2)
2025-06-23 02:34:43 - models.user_model - INFO - UserModel initialized.
2025-06-23 02:34:43 - models.user_model - INFO - UserModel initialized.
2025-06-23 02:34:43 - models.user_model - INFO - UserModel initialized.
2025-06-23 02:34:43 - models.user_model - INFO - UserModel initialized.
2025-06-23 02:34:43 - models.user_model - INFO - User cache cleared
2025-06-23 02:34:43 - models.user_model - INFO - UserModel initialized.
2025-06-23 02:43:13 - models.user_model - DEBUG - Logger initialized successfully
2025-06-23 02:43:18 - models.user_model - DEBUG - Logger initialized successfully
2025-06-23 02:43:21 - models.user_model - DEBUG - Logger initialized successfully
2025-06-23 02:43:37 - models.user_model - DEBUG - Logger initialized successfully
2025-06-23 02:46:36 - models.user_model - DEBUG - Logger initialized successfully
2025-06-23 02:46:37 - models.user_model - INFO - UserModel initialized.
2025-06-23 02:46:37 - models.user_model - INFO - UserModel initialized.
2025-06-23 02:46:47 - models.user_model - INFO - Current user set: Usr (ID: 2)
2025-06-23 02:47:08 - models.user_model - INFO - UserModel initialized.
2025-06-23 02:47:08 - models.user_model - INFO - UserModel initialized.
2025-06-23 02:47:08 - models.user_model - INFO - UserModel initialized.
2025-06-23 02:47:08 - models.user_model - INFO - UserModel initialized.
2025-06-23 02:47:08 - models.user_model - INFO - User cache cleared
2025-06-23 02:47:08 - models.user_model - INFO - UserModel initialized.
2025-06-23 02:50:07 - models.user_model - DEBUG - Logger initialized successfully
2025-06-23 02:50:08 - models.user_model - INFO - UserModel initialized.
2025-06-23 02:50:08 - models.user_model - INFO - UserModel initialized.
2025-06-23 02:50:32 - models.user_model - INFO - Current user set: Usr (ID: 2)
2025-06-23 02:51:00 - models.user_model - INFO - UserModel initialized.
2025-06-23 02:51:00 - models.user_model - INFO - UserModel initialized.
2025-06-23 02:51:00 - models.user_model - INFO - UserModel initialized.
2025-06-23 02:51:00 - models.user_model - INFO - UserModel initialized.
2025-06-23 02:51:00 - models.user_model - INFO - User cache cleared
2025-06-23 02:51:00 - models.user_model - INFO - UserModel initialized.
2025-06-23 02:54:52 - models.user_model - DEBUG - Logger initialized successfully
2025-06-23 02:55:08 - models.user_model - DEBUG - Logger initialized successfully
2025-06-23 02:55:30 - models.user_model - DEBUG - Logger initialized successfully
2025-06-23 03:06:04 - models.user_model - DEBUG - Logger initialized successfully
2025-06-23 03:06:05 - models.user_model - INFO - UserModel initialized.
2025-06-23 03:06:05 - models.user_model - INFO - UserModel initialized.
2025-06-23 03:06:12 - models.user_model - INFO - Current user set: Usr (ID: 2)
2025-06-23 03:06:35 - models.user_model - INFO - UserModel initialized.
2025-06-23 03:06:35 - models.user_model - INFO - UserModel initialized.
2025-06-23 03:06:35 - models.user_model - INFO - UserModel initialized.
2025-06-23 03:06:35 - models.user_model - INFO - UserModel initialized.
2025-06-23 03:06:35 - models.user_model - INFO - User cache cleared
2025-06-23 03:06:35 - models.user_model - INFO - UserModel initialized.
2025-06-23 03:20:09 - models.user_model - DEBUG - Logger initialized successfully
2025-06-23 03:20:10 - models.user_model - INFO - UserModel initialized.
2025-06-23 03:20:11 - models.user_model - INFO - UserModel initialized.
2025-06-23 03:20:21 - models.user_model - INFO - Current user set: Usr (ID: 2)
2025-06-23 03:20:35 - models.user_model - INFO - UserModel initialized.
2025-06-23 03:20:35 - models.user_model - INFO - UserModel initialized.
2025-06-23 03:20:35 - models.user_model - INFO - UserModel initialized.
2025-06-23 03:20:35 - models.user_model - INFO - UserModel initialized.
2025-06-23 03:20:35 - models.user_model - INFO - User cache cleared
2025-06-23 03:20:36 - models.user_model - INFO - UserModel initialized.
2025-06-23 03:17:14 - models.user_model - DEBUG - Logger initialized successfully
2025-06-23 03:17:14 - models.user_model - INFO - UserModel initialized.
2025-06-23 03:17:15 - models.user_model - INFO - UserModel initialized.
2025-06-23 03:17:27 - models.user_model - INFO - Current user set: Usr (ID: 2)
2025-06-23 03:22:57 - models.user_model - INFO - UserModel initialized.
2025-06-23 03:22:57 - models.user_model - INFO - UserModel initialized.
2025-06-23 03:22:57 - models.user_model - INFO - UserModel initialized.
2025-06-23 03:22:57 - models.user_model - INFO - UserModel initialized.
2025-06-23 03:22:57 - models.user_model - INFO - User cache cleared
2025-06-23 03:22:57 - models.user_model - INFO - UserModel initialized.
2025-06-23 03:21:34 - models.user_model - DEBUG - Logger initialized successfully
2025-06-23 03:21:35 - models.user_model - INFO - UserModel initialized.
2025-06-23 03:21:36 - models.user_model - INFO - UserModel initialized.
2025-06-23 03:21:55 - models.user_model - INFO - Current user set: Usr (ID: 2)
2025-06-23 03:22:58 - models.user_model - INFO - UserModel initialized.
2025-06-23 03:22:58 - models.user_model - INFO - UserModel initialized.
2025-06-23 03:22:58 - models.user_model - INFO - UserModel initialized.
2025-06-23 03:22:58 - models.user_model - INFO - UserModel initialized.
2025-06-23 03:22:58 - models.user_model - INFO - User cache cleared
2025-06-23 03:22:58 - models.user_model - INFO - UserModel initialized.
2025-06-23 03:22:59 - models.user_model - DEBUG - Logger initialized successfully
2025-06-23 03:23:00 - models.user_model - INFO - UserModel initialized.
2025-06-23 03:23:01 - models.user_model - INFO - UserModel initialized.
2025-06-23 03:23:11 - models.user_model - INFO - UserModel initialized.
2025-06-23 03:23:11 - models.user_model - INFO - UserModel initialized.
2025-06-23 03:23:11 - models.user_model - INFO - UserModel initialized.
2025-06-23 03:23:11 - models.user_model - INFO - UserModel initialized.
2025-06-23 03:23:11 - models.user_model - INFO - User cache cleared
2025-06-23 03:23:11 - models.user_model - INFO - UserModel initialized.
2025-06-23 03:24:06 - models.user_model - DEBUG - Logger initialized successfully
2025-06-23 03:24:07 - models.user_model - INFO - UserModel initialized.
2025-06-23 03:24:07 - models.user_model - INFO - UserModel initialized.
2025-06-23 03:24:16 - models.user_model - INFO - Current user set: Usr (ID: 2)
2025-06-23 03:25:45 - models.user_model - INFO - UserModel initialized.
2025-06-23 03:25:45 - models.user_model - INFO - UserModel initialized.
2025-06-23 03:25:45 - models.user_model - INFO - UserModel initialized.
2025-06-23 03:25:45 - models.user_model - INFO - UserModel initialized.
2025-06-23 03:25:45 - models.user_model - INFO - User cache cleared
2025-06-23 03:25:45 - models.user_model - INFO - UserModel initialized.
2025-06-23 03:25:48 - models.user_model - DEBUG - Logger initialized successfully
2025-06-23 03:25:49 - models.user_model - INFO - UserModel initialized.
2025-06-23 03:25:49 - models.user_model - INFO - UserModel initialized.
2025-06-23 03:26:15 - models.user_model - INFO - Current user set: Usr (ID: 2)
2025-06-23 03:30:13 - models.user_model - INFO - UserModel initialized.
2025-06-23 03:30:13 - models.user_model - INFO - UserModel initialized.
2025-06-23 03:30:13 - models.user_model - INFO - UserModel initialized.
2025-06-23 03:30:13 - models.user_model - INFO - UserModel initialized.
2025-06-23 03:30:13 - models.user_model - INFO - User cache cleared
2025-06-23 03:30:13 - models.user_model - INFO - UserModel initialized.
2025-06-23 03:28:59 - models.user_model - DEBUG - Logger initialized successfully
2025-06-23 03:28:59 - models.user_model - INFO - UserModel initialized.
2025-06-23 03:29:00 - models.user_model - INFO - UserModel initialized.
2025-06-23 03:29:19 - models.user_model - INFO - Current user set: Usr (ID: 2)
2025-06-23 03:30:16 - models.user_model - INFO - UserModel initialized.
2025-06-23 03:30:16 - models.user_model - INFO - UserModel initialized.
2025-06-23 03:30:16 - models.user_model - INFO - UserModel initialized.
2025-06-23 03:30:16 - models.user_model - INFO - UserModel initialized.
2025-06-23 03:30:16 - models.user_model - INFO - User cache cleared
2025-06-23 03:30:16 - models.user_model - INFO - UserModel initialized.
2025-06-23 03:30:32 - models.user_model - DEBUG - Logger initialized successfully
2025-06-23 03:30:32 - models.user_model - INFO - UserModel initialized.
2025-06-23 03:30:33 - models.user_model - INFO - UserModel initialized.
2025-06-23 03:30:44 - models.user_model - INFO - Current user set: Usr (ID: 2)
2025-06-23 03:31:02 - models.user_model - INFO - UserModel initialized.
2025-06-23 03:31:02 - models.user_model - INFO - UserModel initialized.
2025-06-23 03:31:02 - models.user_model - INFO - UserModel initialized.
2025-06-23 03:31:02 - models.user_model - INFO - UserModel initialized.
2025-06-23 03:31:02 - models.user_model - INFO - User cache cleared
2025-06-23 03:31:02 - models.user_model - INFO - UserModel initialized.
2025-06-23 03:32:13 - models.user_model - DEBUG - Logger initialized successfully
2025-06-23 03:32:14 - models.user_model - INFO - UserModel initialized.
2025-06-23 03:32:14 - models.user_model - INFO - UserModel initialized.
2025-06-23 03:32:23 - models.user_model - INFO - Current user set: Manokuz (ID: 1)
2025-06-23 03:32:57 - models.user_model - INFO - UserModel initialized.
2025-06-23 03:32:57 - models.user_model - INFO - UserModel initialized.
2025-06-23 03:32:57 - models.user_model - INFO - UserModel initialized.
2025-06-23 03:32:57 - models.user_model - INFO - UserModel initialized.
2025-06-23 03:32:57 - models.user_model - INFO - User cache cleared
2025-06-23 03:32:57 - models.user_model - INFO - UserModel initialized.
2025-06-23 03:42:33 - models.user_model - DEBUG - Logger initialized successfully
2025-06-24 12:06:02 - models.user_model - DEBUG - Logger initialized successfully
2025-06-24 12:06:03 - models.user_model - INFO - UserModel initialized.
2025-06-24 12:06:04 - models.user_model - INFO - UserModel initialized.
2025-06-24 12:06:20 - models.user_model - INFO - UserModel initialized.
2025-06-24 12:06:20 - models.user_model - INFO - UserModel initialized.
2025-06-24 12:06:20 - models.user_model - INFO - UserModel initialized.
2025-06-24 12:06:20 - models.user_model - INFO - UserModel initialized.
2025-06-24 12:06:20 - models.user_model - INFO - User cache cleared
2025-06-24 12:06:21 - models.user_model - INFO - UserModel initialized.
2025-06-24 12:23:20 - models.user_model - DEBUG - Logger initialized successfully
2025-06-24 12:11:09 - models.user_model - DEBUG - Logger initialized successfully
2025-06-24 12:11:10 - models.user_model - INFO - UserModel initialized.
2025-06-24 12:11:10 - models.user_model - INFO - UserModel initialized.
2025-06-24 12:11:21 - models.user_model - INFO - Current user set: Manokuz (ID: 1)
2025-06-24 17:38:25 - models.user_model - INFO - UserModel initialized.
2025-06-24 17:38:25 - models.user_model - INFO - UserModel initialized.
2025-06-24 17:38:25 - models.user_model - INFO - UserModel initialized.
2025-06-24 17:38:25 - models.user_model - INFO - UserModel initialized.
2025-06-24 17:38:25 - models.user_model - INFO - User cache cleared
2025-06-24 17:38:27 - models.user_model - INFO - UserModel initialized.
2025-06-25 00:43:03 - models.user_model - DEBUG - Logger initialized successfully
2025-06-25 00:43:19 - models.user_model - DEBUG - Logger initialized successfully
2025-06-25 00:43:19 - models.user_model - INFO - UserModel initialized.
2025-06-25 00:43:20 - models.user_model - INFO - UserModel initialized.
2025-06-25 00:43:27 - models.user_model - INFO - Current user set: Manokuz (ID: 1)
2025-06-25 00:43:59 - models.user_model - DEBUG - Creating user User
2025-06-25 00:43:59 - models.user_model - INFO - User User created successfully.
2025-06-25 00:44:11 - models.user_model - INFO - Current user set: User (ID: 3)
2025-06-25 01:04:54 - models.user_model - INFO - UserModel initialized.
2025-06-25 01:04:54 - models.user_model - INFO - UserModel initialized.
2025-06-25 01:04:54 - models.user_model - INFO - UserModel initialized.
2025-06-25 01:04:54 - models.user_model - INFO - UserModel initialized.
2025-06-25 01:04:54 - models.user_model - INFO - User cache cleared
2025-06-25 01:04:55 - models.user_model - INFO - UserModel initialized.
2025-06-25 08:23:20 - models.user_model - DEBUG - Logger initialized successfully
2025-06-25 08:23:21 - models.user_model - INFO - UserModel initialized.
2025-06-25 08:23:21 - models.user_model - INFO - UserModel initialized.
2025-06-25 08:23:59 - models.user_model - INFO - UserModel initialized.
2025-06-25 08:23:59 - models.user_model - INFO - UserModel initialized.
2025-06-25 08:23:59 - models.user_model - INFO - UserModel initialized.
2025-06-25 08:23:59 - models.user_model - INFO - UserModel initialized.
2025-06-25 08:23:59 - models.user_model - INFO - User cache cleared
2025-06-25 08:24:00 - models.user_model - INFO - UserModel initialized.
2025-06-25 08:25:04 - models.user_model - DEBUG - Logger initialized successfully
2025-06-25 08:25:05 - models.user_model - INFO - UserModel initialized.
2025-06-25 08:25:05 - models.user_model - INFO - UserModel initialized.
2025-06-25 08:25:21 - models.user_model - INFO - Current user set: Manokuz (ID: 1)
2025-06-25 08:25:28 - models.user_model - INFO - UserModel initialized.
2025-06-25 08:25:28 - models.user_model - INFO - UserModel initialized.
2025-06-25 08:25:28 - models.user_model - INFO - UserModel initialized.
2025-06-25 08:25:28 - models.user_model - INFO - UserModel initialized.
2025-06-25 08:25:28 - models.user_model - INFO - User cache cleared
2025-06-25 08:25:29 - models.user_model - INFO - UserModel initialized.
2025-06-25 08:25:56 - models.user_model - DEBUG - Logger initialized successfully
2025-06-25 08:26:04 - models.user_model - DEBUG - Logger initialized successfully
2025-06-25 08:26:05 - models.user_model - INFO - UserModel initialized.
2025-06-25 08:26:05 - models.user_model - INFO - UserModel initialized.
2025-06-25 08:26:18 - models.user_model - INFO - Current user set: Manokuz (ID: 1)
2025-06-25 08:26:22 - models.user_model - INFO - UserModel initialized.
2025-06-25 08:26:22 - models.user_model - INFO - UserModel initialized.
2025-06-25 08:26:22 - models.user_model - INFO - UserModel initialized.
2025-06-25 08:26:22 - models.user_model - INFO - UserModel initialized.
2025-06-25 08:26:22 - models.user_model - INFO - User cache cleared
2025-06-25 08:26:22 - models.user_model - INFO - UserModel initialized.
2025-06-25 13:50:50 - models.user_model - DEBUG - Logger initialized successfully
2025-06-25 13:50:51 - models.user_model - INFO - UserModel initialized.
2025-06-25 13:50:52 - models.user_model - INFO - UserModel initialized.
2025-06-25 13:51:02 - models.user_model - INFO - Current user set: Manokuz (ID: 1)
2025-06-25 13:51:09 - models.user_model - INFO - UserModel initialized.
2025-06-25 13:51:09 - models.user_model - INFO - UserModel initialized.
2025-06-25 13:51:09 - models.user_model - INFO - UserModel initialized.
2025-06-25 13:51:09 - models.user_model - INFO - UserModel initialized.
2025-06-25 13:51:09 - models.user_model - INFO - User cache cleared
2025-06-25 13:51:09 - models.user_model - INFO - UserModel initialized.
2025-06-25 13:51:29 - models.user_model - DEBUG - Logger initialized successfully
2025-06-25 13:51:37 - models.user_model - DEBUG - Logger initialized successfully
2025-06-25 13:51:37 - models.user_model - INFO - UserModel initialized.
2025-06-25 13:51:38 - models.user_model - INFO - UserModel initialized.
2025-06-25 13:51:47 - models.user_model - INFO - Current user set: Manokuz (ID: 1)
2025-06-25 13:51:51 - models.user_model - INFO - UserModel initialized.
2025-06-25 13:51:51 - models.user_model - INFO - UserModel initialized.
2025-06-25 13:51:51 - models.user_model - INFO - UserModel initialized.
2025-06-25 13:51:51 - models.user_model - INFO - UserModel initialized.
2025-06-25 13:51:51 - models.user_model - INFO - User cache cleared
2025-06-25 13:51:51 - models.user_model - INFO - UserModel initialized.
2025-06-25 13:52:53 - models.user_model - DEBUG - Logger initialized successfully
2025-06-25 13:53:01 - models.user_model - DEBUG - Logger initialized successfully
2025-06-25 13:53:01 - models.user_model - INFO - UserModel initialized.
2025-06-25 13:53:02 - models.user_model - INFO - UserModel initialized.
2025-06-25 13:53:12 - models.user_model - INFO - Current user set: Manokuz (ID: 1)
2025-06-25 13:53:15 - models.user_model - INFO - UserModel initialized.
2025-06-25 13:53:15 - models.user_model - INFO - UserModel initialized.
2025-06-25 13:53:15 - models.user_model - INFO - UserModel initialized.
2025-06-25 13:53:15 - models.user_model - INFO - UserModel initialized.
2025-06-25 13:53:15 - models.user_model - INFO - User cache cleared
2025-06-25 13:53:15 - models.user_model - INFO - UserModel initialized.
2025-06-25 13:54:25 - models.user_model - DEBUG - Logger initialized successfully
2025-06-25 13:54:26 - models.user_model - INFO - UserModel initialized.
2025-06-25 13:54:26 - models.user_model - INFO - UserModel initialized.
2025-06-25 13:54:51 - models.user_model - ERROR - Database error while checking username Manokuz: no such table: users
Traceback (most recent call last):
  File "E:\Python_Projects\Web_Scanner_SQL_XSS_CSRF\models\user_model.py", line 108, in is_username_taken
    cursor.execute('SELECT id FROM users WHERE username = ?', (username,))
sqlite3.OperationalError: no such table: users
2025-06-25 13:55:32 - models.user_model - DEBUG - Logger initialized successfully
2025-06-25 14:03:34 - models.user_model - DEBUG - Logger initialized successfully
2025-06-25 14:03:46 - models.user_model - DEBUG - Logger initialized successfully
2025-06-25 14:03:48 - models.user_model - INFO - UserModel initialized.
2025-06-25 14:03:48 - models.user_model - INFO - UserModel initialized.
2025-06-25 14:04:10 - models.user_model - INFO - Current user set: Manokuz (ID: 1)
2025-06-25 18:23:18 - models.user_model - INFO - UserModel initialized.
2025-06-25 18:23:18 - models.user_model - INFO - UserModel initialized.
2025-06-25 18:23:18 - models.user_model - INFO - UserModel initialized.
2025-06-25 18:23:18 - models.user_model - INFO - UserModel initialized.
2025-06-25 18:23:18 - models.user_model - INFO - User cache cleared
2025-06-25 18:23:19 - models.user_model - INFO - UserModel initialized.
2025-06-25 18:44:37 - models.user_model - INFO - UserModel initialized.
2025-06-25 18:44:38 - models.user_model - INFO - UserModel initialized.
2025-06-25 18:44:47 - models.user_model - INFO - Current user set: Manokuz (ID: 1)
2025-06-25 20:26:53 - models.user_model - INFO - UserModel initialized.
2025-06-25 20:26:53 - models.user_model - INFO - UserModel initialized.
2025-06-25 20:26:53 - models.user_model - INFO - UserModel initialized.
2025-06-25 20:26:53 - models.user_model - INFO - UserModel initialized.
2025-06-25 20:26:53 - models.user_model - INFO - User cache cleared
2025-06-25 20:26:54 - models.user_model - INFO - UserModel initialized.
2025-06-25 20:26:54 - models.user_model - INFO - UserModel initialized.
2025-06-25 20:26:54 - models.user_model - INFO - UserModel initialized.
2025-06-25 20:26:54 - models.user_model - INFO - UserModel initialized.
2025-06-25 20:26:54 - models.user_model - INFO - UserModel initialized.
2025-06-26 12:44:25 - models.user_model - INFO - UserModel initialized.
2025-06-26 12:44:26 - models.user_model - INFO - UserModel initialized.
2025-06-26 12:44:36 - models.user_model - INFO - Current user set: Manokuz (ID: 1)
2025-06-26 19:13:45 - models.user_model - INFO - UserModel initialized.
2025-06-26 19:13:45 - models.user_model - INFO - UserModel initialized.
2025-06-26 19:13:45 - models.user_model - INFO - UserModel initialized.
2025-06-26 19:13:45 - models.user_model - INFO - UserModel initialized.
2025-06-26 19:13:45 - models.user_model - INFO - User cache cleared
2025-06-26 19:13:47 - models.user_model - INFO - UserModel initialized.
2025-06-26 19:13:47 - models.user_model - INFO - UserModel initialized.
2025-06-26 19:13:47 - models.user_model - INFO - UserModel initialized.
2025-06-26 19:13:47 - models.user_model - INFO - UserModel initialized.
2025-06-26 19:13:47 - models.user_model - INFO - UserModel initialized.
2025-07-01 13:37:35 - models.user_model - INFO - UserModel initialized.
2025-07-01 13:37:36 - models.user_model - INFO - UserModel initialized.
2025-07-01 13:37:51 - models.user_model - INFO - Current user set: Manokuz (ID: 1)
2025-07-01 13:41:25 - models.user_model - INFO - UserModel initialized.
2025-07-01 13:41:25 - models.user_model - INFO - UserModel initialized.
2025-07-01 13:41:25 - models.user_model - INFO - UserModel initialized.
2025-07-01 13:41:25 - models.user_model - INFO - UserModel initialized.
2025-07-01 13:41:25 - models.user_model - INFO - User cache cleared
2025-07-01 13:41:25 - models.user_model - INFO - UserModel initialized.
2025-07-01 13:41:25 - models.user_model - INFO - UserModel initialized.
2025-07-01 13:41:25 - models.user_model - INFO - UserModel initialized.
2025-07-01 13:41:25 - models.user_model - INFO - UserModel initialized.
2025-07-01 13:41:25 - models.user_model - INFO - UserModel initialized.
2025-07-01 13:41:48 - models.user_model - INFO - UserModel initialized.
2025-07-01 13:41:49 - models.user_model - INFO - UserModel initialized.
2025-07-01 13:41:58 - models.user_model - INFO - Current user set: Manokuz (ID: 1)
2025-07-01 18:27:58 - models.user_model - INFO - UserModel initialized.
2025-07-01 18:27:58 - models.user_model - INFO - UserModel initialized.
2025-07-01 18:27:58 - models.user_model - INFO - UserModel initialized.
2025-07-01 18:27:58 - models.user_model - INFO - UserModel initialized.
2025-07-01 18:27:58 - models.user_model - INFO - User cache cleared
2025-07-01 18:27:58 - models.user_model - INFO - UserModel initialized.
2025-07-01 18:27:58 - models.user_model - INFO - UserModel initialized.
2025-07-01 18:27:58 - models.user_model - INFO - UserModel initialized.
2025-07-01 18:27:58 - models.user_model - INFO - UserModel initialized.
2025-07-01 18:27:58 - models.user_model - INFO - UserModel initialized.
2025-07-28 17:48:59 - models.user_model - INFO - UserModel initialized.
2025-07-28 17:49:01 - models.user_model - INFO - UserModel initialized.
2025-07-28 17:49:33 - models.user_model - INFO - UserModel initialized.
2025-07-28 17:49:33 - models.user_model - INFO - UserModel initialized.
2025-07-28 17:49:33 - models.user_model - INFO - UserModel initialized.
2025-07-28 17:49:33 - models.user_model - INFO - UserModel initialized.
2025-07-28 17:49:33 - models.user_model - INFO - User cache cleared
2025-07-28 17:49:33 - models.user_model - INFO - UserModel initialized.
2025-07-28 17:49:33 - models.user_model - INFO - UserModel initialized.
2025-07-28 17:49:33 - models.user_model - INFO - UserModel initialized.
2025-07-28 17:49:33 - models.user_model - INFO - UserModel initialized.
2025-07-28 17:49:33 - models.user_model - INFO - UserModel initialized.
2025-07-28 18:14:06 - models.user_model - INFO - UserModel initialized.
2025-07-28 18:14:06 - models.user_model - INFO - UserModel initialized.
2025-07-28 18:14:14 - models.user_model - INFO - Current user set: Manokuz (ID: 1)
2025-07-28 18:14:19 - models.user_model - INFO - UserModel initialized.
2025-07-28 18:14:19 - models.user_model - INFO - UserModel initialized.
2025-07-28 18:14:19 - models.user_model - INFO - UserModel initialized.
2025-07-28 18:14:19 - models.user_model - INFO - UserModel initialized.
2025-07-28 18:14:19 - models.user_model - INFO - User cache cleared
2025-07-28 18:14:19 - models.user_model - INFO - UserModel initialized.
2025-07-28 18:14:19 - models.user_model - INFO - UserModel initialized.
2025-07-28 18:14:19 - models.user_model - INFO - UserModel initialized.
2025-07-28 18:14:19 - models.user_model - INFO - UserModel initialized.
2025-07-28 18:14:19 - models.user_model - INFO - UserModel initialized.
2025-08-01 23:48:06 - models.user_model - INFO - UserModel initialized.
2025-08-01 23:48:07 - models.user_model - INFO - UserModel initialized.
2025-08-01 23:48:28 - models.user_model - INFO - Current user set: Manokuz (ID: 1)
2025-08-02 00:03:01 - models.user_model - INFO - UserModel initialized.
2025-08-02 00:03:01 - models.user_model - INFO - UserModel initialized.
2025-08-02 00:03:01 - models.user_model - INFO - UserModel initialized.
2025-08-02 00:03:01 - models.user_model - INFO - UserModel initialized.
2025-08-02 00:03:01 - models.user_model - INFO - User cache cleared
2025-08-02 00:03:01 - models.user_model - INFO - UserModel initialized.
2025-08-02 00:03:01 - models.user_model - INFO - UserModel initialized.
2025-08-02 00:03:01 - models.user_model - INFO - UserModel initialized.
2025-08-02 00:03:01 - models.user_model - INFO - UserModel initialized.
2025-08-02 00:03:01 - models.user_model - INFO - UserModel initialized.
2025-08-02 00:01:48 - models.user_model - INFO - UserModel initialized.
2025-08-02 00:01:48 - models.user_model - INFO - UserModel initialized.
2025-08-02 00:02:07 - models.user_model - INFO - Current user set: Manokuz (ID: 1)
2025-08-02 00:05:44 - models.user_model - INFO - UserModel initialized.
2025-08-02 00:05:44 - models.user_model - INFO - UserModel initialized.
2025-08-02 00:05:44 - models.user_model - INFO - UserModel initialized.
2025-08-02 00:05:44 - models.user_model - INFO - UserModel initialized.
2025-08-02 00:05:44 - models.user_model - INFO - User cache cleared
2025-08-02 00:05:45 - models.user_model - INFO - UserModel initialized.
2025-08-02 00:05:45 - models.user_model - INFO - UserModel initialized.
2025-08-02 00:05:45 - models.user_model - INFO - UserModel initialized.
2025-08-02 00:05:45 - models.user_model - INFO - UserModel initialized.
2025-08-02 00:05:45 - models.user_model - INFO - UserModel initialized.
2025-08-06 21:45:39 - models.user_model - INFO - UserModel initialized.
2025-08-06 21:45:40 - models.user_model - INFO - UserModel initialized.
2025-08-06 21:45:55 - models.user_model - INFO - Current user set: Manokuz (ID: 1)
2025-08-06 21:46:17 - models.user_model - INFO - UserModel initialized.
2025-08-06 21:46:17 - models.user_model - INFO - UserModel initialized.
2025-08-06 21:46:17 - models.user_model - INFO - UserModel initialized.
2025-08-06 21:46:17 - models.user_model - INFO - UserModel initialized.
2025-08-06 21:46:17 - models.user_model - INFO - User cache cleared
2025-08-06 21:46:17 - models.user_model - INFO - UserModel initialized.
2025-08-06 21:46:17 - models.user_model - INFO - UserModel initialized.
2025-08-06 21:46:17 - models.user_model - INFO - UserModel initialized.
2025-08-06 21:46:17 - models.user_model - INFO - UserModel initialized.
2025-08-06 21:46:17 - models.user_model - INFO - UserModel initialized.
2025-08-06 23:08:33 - models.user_model - INFO - UserModel initialized.
2025-08-06 23:08:34 - models.user_model - INFO - UserModel initialized.
2025-08-06 23:08:48 - models.user_model - INFO - Current user set: Manokuz (ID: 1)
2025-08-06 23:13:05 - models.user_model - INFO - UserModel initialized.
2025-08-06 23:13:05 - models.user_model - INFO - UserModel initialized.
2025-08-06 23:13:05 - models.user_model - INFO - UserModel initialized.
2025-08-06 23:13:05 - models.user_model - INFO - UserModel initialized.
2025-08-06 23:13:05 - models.user_model - INFO - User cache cleared
2025-08-06 23:13:06 - models.user_model - INFO - UserModel initialized.
2025-08-06 23:13:06 - models.user_model - INFO - UserModel initialized.
2025-08-06 23:13:06 - models.user_model - INFO - UserModel initialized.
2025-08-06 23:13:06 - models.user_model - INFO - UserModel initialized.
2025-08-06 23:13:06 - models.user_model - INFO - UserModel initialized.
2025-08-06 23:13:06 - models.user_model - INFO - UserModel initialized.
2025-08-06 23:13:06 - models.user_model - INFO - UserModel initialized.
2025-08-06 23:13:06 - models.user_model - INFO - UserModel initialized.
2025-08-06 23:13:06 - models.user_model - INFO - UserModel initialized.
2025-08-06 23:13:06 - models.user_model - INFO - User cache cleared
2025-08-06 23:13:06 - models.user_model - INFO - UserModel initialized.
2025-08-06 23:13:06 - models.user_model - INFO - UserModel initialized.
2025-08-06 23:13:06 - models.user_model - INFO - UserModel initialized.
2025-08-06 23:13:06 - models.user_model - INFO - UserModel initialized.
2025-08-06 23:13:06 - models.user_model - INFO - UserModel initialized.
2025-08-06 23:13:06 - models.user_model - INFO - UserModel initialized.
2025-08-06 23:13:06 - models.user_model - INFO - UserModel initialized.
2025-08-06 23:13:06 - models.user_model - INFO - UserModel initialized.
2025-08-06 23:13:06 - models.user_model - INFO - UserModel initialized.
2025-08-06 23:13:06 - models.user_model - INFO - User cache cleared
2025-08-06 23:13:06 - models.user_model - INFO - UserModel initialized.
2025-08-06 23:13:06 - models.user_model - INFO - UserModel initialized.
2025-08-06 23:13:06 - models.user_model - INFO - UserModel initialized.
2025-08-06 23:13:06 - models.user_model - INFO - UserModel initialized.
2025-08-06 23:13:06 - models.user_model - INFO - UserModel initialized.
